<?xml version="1.0" encoding="UTF-8"?>
<!-- Generated by org.testng.reporters.JUnitReportReporter -->
<testsuite hostname="ImranTech-HussainFlutter" failures="0" tests="1" name="mobileAutomation.LongPress" time="9.621" errors="0" timestamp="22 Feb 2024 09:52:05 GMT" skipped="0">
  <testcase classname="mobileAutomation.LongPress" name="LongPressGesture" time="9.621"/>
</testsuite> <!-- mobileAutomation.LongPress -->
