<?xml version="1.0" encoding="UTF-8"?>
<!-- Generated by org.testng.reporters.JUnitReportReporter -->
<testsuite hostname="ImranTech-HussainFlutter" failures="0" tests="1" name="mobileAutomation.MiscellaniousActions" time="10.959" errors="0" timestamp="22 Feb 2024 11:16:46 GMT" skipped="0">
  <testcase classname="mobileAutomation.MiscellaniousActions" name="MiscActions" time="10.959"/>
</testsuite> <!-- mobileAutomation.MiscellaniousActions -->
