<?xml version="1.0" encoding="UTF-8"?>
<!-- Generated by org.testng.reporters.JUnitReportReporter -->
<testsuite hostname="ImranTech-HussainFlutter" failures="0" tests="1" name="mobileAutomation.ScrollMenu" time="7.167" errors="0" timestamp="22 Feb 2024 08:10:29 GMT" skipped="0">
  <testcase classname="mobileAutomation.ScrollMenu" name="ScrollMenuGesture" time="7.167"/>
</testsuite> <!-- mobileAutomation.ScrollMenu -->
