<?xml version="1.0" encoding="UTF-8"?>
<!-- Generated by org.testng.reporters.JUnitReportReporter -->
<testsuite hostname="ImranTech-HussainFlutter" failures="0" tests="1" name="mobileAutomation.Swipe" time="5.716" errors="0" timestamp="22 Feb 2024 10:48:05 GMT" skipped="0">
  <testcase classname="mobileAutomation.Swipe" name="SwipeScreen" time="5.716"/>
</testsuite> <!-- mobileAutomation.Swipe -->
