<?xml version="1.0" encoding="UTF-8"?>
<!-- Generated by org.testng.reporters.JUnitReportReporter -->
<testsuite hostname="ImranTech-HussainFlutter" failures="0" tests="1" name="mobileAutomation.AppiumBasics" time="7.281" errors="0" timestamp="23 Feb 2024 04:58:27 GMT" skipped="0">
  <testcase classname="mobileAutomation.AppiumBasics" name="AppiumTest" time="7.281"/>
</testsuite> <!-- mobileAutomation.AppiumBasics -->
