<?xml version="1.0" encoding="UTF-8"?>
<!-- Generated by org.testng.reporters.JUnitReportReporter -->
<testsuite hostname="ImranTech-HussainFlutter" failures="0" tests="1" name="mobileAutomation.DragDrop" time="5.106" errors="0" timestamp="22 Feb 2024 11:04:22 GMT" skipped="0">
  <testcase classname="mobileAutomation.DragDrop" name="DragAndDrop" time="5.106"/>
</testsuite> <!-- mobileAutomation.DragDrop -->
